<html>
<head>
<title>TestNG:  Surefire test</title>
<link href="../testng.css" rel="stylesheet" type="text/css" />
<link href="../my-testng.css" rel="stylesheet" type="text/css" />

<style type="text/css">
.log { display: none;} 
.stack-trace { display: none;} 
</style>
<script type="text/javascript">
<!--
function flip(e) {
  current = e.style.display;
  if (current == 'block') {
    e.style.display = 'none';
    return 0;
  }
  else {
    e.style.display = 'block';
    return 1;
  }
}

function toggleBox(szDivId, elem, msg1, msg2)
{
  var res = -1;  if (document.getElementById) {
    res = flip(document.getElementById(szDivId));
  }
  else if (document.all) {
    // this is the way old msie versions work
    res = flip(document.all[szDivId]);
  }
  if(elem) {
    if(res == 0) elem.innerHTML = msg1; else elem.innerHTML = msg2;
  }

}

function toggleAllBoxes() {
  if (document.getElementsByTagName) {
    d = document.getElementsByTagName('div');
    for (i = 0; i < d.length; i++) {
      if (d[i].className == 'log') {
        flip(d[i]);
      }
    }
  }
}

// -->
</script>

</head>
<body>
<h2 align='center'>Surefire test</h2><table border='1' align="center">
<tr>
<td>Tests passed/Failed/Skipped:</td><td>2/2/0</td>
</tr><tr>
<td>Started on:</td><td>Thu Feb 29 12:16:01 GMT 2024</td>
</tr>
<tr><td>Total time:</td><td>20 seconds (20677 ms)</td>
</tr><tr>
<td>Included groups:</td><td></td>
</tr><tr>
<td>Excluded groups:</td><td></td>
</tr>
</table><p/>
<small><i>(Hover the method name to see the test class name)</i></small><p/>
<table width='100%' border='1' class='invocation-failed'>
<tr><td colspan='4' align='center'><b>FAILED TESTS</b></td></tr>
<tr><td><b>Test method</b></td>
<td><b>Attribute(s)</b></td>
<td width="30%"><b>Exception</b></td>
<td width="10%"><b>Time (seconds)</b></td>
<td><b>Instance</b></td>
</tr>
<tr>
<td title='CucumberOptions.TestRunnerforFailedScenarios.runScenario()'><b>runScenario</b><br>Test class: CucumberOptions.TestRunnerforFailedScenarios<br>Test method: Runs Cucumber Scenarios<br>Parameters: "Validate Search experience in both product and offer page", "Search and place the orders"</td>
<td><div><pre>java.lang.AssertionError: expected [Beetroot] but found [No data]
	at stepDefinition.OfferPageStepDefn.user_searched_with_same_shortname_and_product_should_exists(OfferPageStepDefn.java:33)
	at ?.User searched with same shortname Beet and product should exists(file:///C:/Users/Venu/Desktop/Venu/SeleniumAutomation/Org.Verizon.com/src/test/java/features/login.feature:7)
... Removed 6 stack frames</pre></div><a href='#' onClick='toggleBox("stack-trace307547058", this, "Click to show all stack frames", "Click to hide stack frames")'>Click to show all stack frames</a>
<div class='stack-trace' id='stack-trace307547058'><pre>java.lang.AssertionError: expected [Beetroot] but found [No data]
	at org.testng.Assert.fail(Assert.java:111)
	at org.testng.Assert.failNotEquals(Assert.java:1578)
	at org.testng.Assert.assertEqualsImpl(Assert.java:150)
	at org.testng.Assert.assertEquals(Assert.java:132)
	at org.testng.Assert.assertEquals(Assert.java:656)
	at org.testng.Assert.assertEquals(Assert.java:666)
	at stepDefinition.OfferPageStepDefn.user_searched_with_same_shortname_and_product_should_exists(OfferPageStepDefn.java:33)
	at ?.User searched with same shortname Beet and product should exists(file:///C:/Users/Venu/Desktop/Venu/SeleniumAutomation/Org.Verizon.com/src/test/java/features/login.feature:7)
</pre></div></td>
<td>8</td>
<td>CucumberOptions.TestRunnerforFailedScenarios@29d89d5d</td></tr>
<tr>
<td title='CucumberOptions.TestRunner.runScenario()'><b>runScenario</b><br>Test class: CucumberOptions.TestRunner<br>Test method: Runs Cucumber Scenarios<br>Parameters: "Validate Search experience in both product and offer page", "Search and place the orders"</td>
<td><div><pre>java.lang.AssertionError: expected [Beetroot] but found [No data]
	at stepDefinition.OfferPageStepDefn.user_searched_with_same_shortname_and_product_should_exists(OfferPageStepDefn.java:33)
	at ?.User searched with same shortname Beet and product should exists(file:///C:/Users/Venu/Desktop/Venu/SeleniumAutomation/Org.Verizon.com/src/test/java/features/login.feature:7)
... Removed 6 stack frames</pre></div><a href='#' onClick='toggleBox("stack-trace1549583127", this, "Click to show all stack frames", "Click to hide stack frames")'>Click to show all stack frames</a>
<div class='stack-trace' id='stack-trace1549583127'><pre>java.lang.AssertionError: expected [Beetroot] but found [No data]
	at org.testng.Assert.fail(Assert.java:111)
	at org.testng.Assert.failNotEquals(Assert.java:1578)
	at org.testng.Assert.assertEqualsImpl(Assert.java:150)
	at org.testng.Assert.assertEquals(Assert.java:132)
	at org.testng.Assert.assertEquals(Assert.java:656)
	at org.testng.Assert.assertEquals(Assert.java:666)
	at stepDefinition.OfferPageStepDefn.user_searched_with_same_shortname_and_product_should_exists(OfferPageStepDefn.java:33)
	at ?.User searched with same shortname Beet and product should exists(file:///C:/Users/Venu/Desktop/Venu/SeleniumAutomation/Org.Verizon.com/src/test/java/features/login.feature:7)
</pre></div></td>
<td>10</td>
<td>CucumberOptions.TestRunner@223aa2f7</td></tr>
</table><p>
<table width='100%' border='1' class='invocation-passed'>
<tr><td colspan='4' align='center'><b>PASSED TESTS</b></td></tr>
<tr><td><b>Test method</b></td>
<td><b>Attribute(s)</b></td>
<td width="30%"><b>Exception</b></td>
<td width="10%"><b>Time (seconds)</b></td>
<td><b>Instance</b></td>
</tr>
<tr>
<td title='CucumberOptions.TestRunner.runScenario()'><b>runScenario</b><br>Test class: CucumberOptions.TestRunner<br>Test method: Runs Cucumber Scenarios<br>Parameters: "Validate Search experience in both product and offer page", "Search and place the orders"</td>
<td></td>
<td>9</td>
<td>CucumberOptions.TestRunner@223aa2f7</td></tr>
<tr>
<td title='CucumberOptions.TestRunner.runScenario()'><b>runScenario</b><br>Test class: CucumberOptions.TestRunner<br>Test method: Runs Cucumber Scenarios<br>Parameters: "Validate Checkout functionality in checkout page", "Search and add the products to the cart"</td>
<td></td>
<td>11</td>
<td>CucumberOptions.TestRunner@223aa2f7</td></tr>
</table><p>
</body>
</html>