<?xml version="1.0" encoding="UTF-8"?>
<!-- Generated by org.testng.reporters.JUnitReportReporter -->
<testsuite hostname="DESKTOP-M89TSLU" failures="1" tests="3" name="CucumberOptions.TestRunner" time="31.831" errors="0" timestamp="2024-02-29T12:00:54 GMT" skipped="0">
  <testcase classname="CucumberOptions.TestRunner" name="runScenario" time="11.370"/>
  <testcase classname="CucumberOptions.TestRunner" name="runScenario" time="10.493"/>
  <testcase classname="CucumberOptions.TestRunner" name="runScenario" time="9.968">
    <failure message="expected [Beetroot] but found [No data]" type="java.lang.AssertionError">
      <![CDATA[java.lang.AssertionError: expected [Beetroot] but found [No data]
at org.testng.Assert.fail(Assert.java:111)
at org.testng.Assert.failNotEquals(Assert.java:1578)
at org.testng.Assert.assertEqualsImpl(Assert.java:150)
at org.testng.Assert.assertEquals(Assert.java:132)
at org.testng.Assert.assertEquals(Assert.java:656)
at org.testng.Assert.assertEquals(Assert.java:666)
at stepDefinition.OfferPageStepDefn.user_searched_with_same_shortname_and_product_should_exists(OfferPageStepDefn.java:33)
at âœ½.User searched with same shortname Beet and product should exists(file:///C:/Users/Venu/Desktop/Venu/SeleniumAutomation/Org.Verizon.com/src/test/java/features/login.feature:7)
]]>
    </failure>
  </testcase> <!-- runScenario -->
</testsuite> <!-- CucumberOptions.TestRunner -->
